Arguments: 
  C:\Program Files\nodejs\node.exe C:\Program Files (x86)\Yarn\bin\yarn.js add reacr-native@0.55.4 react-native-web@0.10.0 react-art@16.8.2

PATH: 
  C:\ProgramData\Oracle\Java\javapath;C:\Program Files (x86)\Intel\iCLS Client\;C:\Program Files\Intel\iCLS Client\;C:\WINDOWS\system32;C:\WINDOWS;C:\WINDOWS\System32\Wbem;C:\WINDOWS\System32\WindowsPowerShell\v1.0\;C:\Program Files\Intel\Intel(R) Management Engine Components\DAL;C:\Program Files (x86)\Intel\Intel(R) Management Engine Components\DAL;C:\Program Files\Intel\Intel(R) Management Engine Components\IPT;C:\Program Files (x86)\Intel\Intel(R) Management Engine Components\IPT;C:\Program Files\nodejs\;C:\ProgramData\chocolatey\bin;C:\Program Files\Git\cmd;C:\Program Files (x86)\Yarn\bin\;C:\Ruby26-x64\bin;C:\Users\Genevieve\AppData\Local\Microsoft\WindowsApps;C:\Users\Genevieve\AppData\Roaming\npm;C:\Users\Genevieve\AppData\Local\Programs\Microsoft VS Code\bin;C:\Users\Genevieve\AppData\Local\Yarn\bin

Yarn version: 
  1.22.0

Node version: 
  12.14.1

Platform: 
  win32 x64

Trace: 
  Error: https://registry.yarnpkg.com/reacr-native: Not found
      at Request.params.callback [as _callback] (C:\Program Files (x86)\Yarn\lib\cli.js:66084:18)
      at Request.self.callback (C:\Program Files (x86)\Yarn\lib\cli.js:140727:22)
      at Request.emit (events.js:223:5)
      at Request.<anonymous> (C:\Program Files (x86)\Yarn\lib\cli.js:141699:10)
      at Request.emit (events.js:223:5)
      at IncomingMessage.<anonymous> (C:\Program Files (x86)\Yarn\lib\cli.js:141621:12)
      at Object.onceWrapper (events.js:312:28)
      at IncomingMessage.emit (events.js:228:7)
      at endReadableNT (_stream_readable.js:1185:12)
      at processTicksAndRejections (internal/process/task_queues.js:81:21)

npm manifest: 
  No manifest

yarn manifest: 
  No manifest

Lockfile: 
  No lockfile
